<?xml version="1.0" encoding="UTF-8"?>
<testsuite xmlns:xsi="http://www.w3.org/2001/XMLSchema-instance" xsi:noNamespaceSchemaLocation="https://maven.apache.org/surefire/maven-surefire-plugin/xsd/surefire-test-report.xsd" name="pr3.org.AppTest" time="0.034" tests="4" errors="0" skipped="0" failures="0">
  <properties>
[...]
</properties>
  <testcase name="shouldAnswerWithTrue" classname="pr3.org.AppTest" time="0.001"/>
  <testcase name="annadirVertice" classname="pr3.org.AppTest" time="0.005"/>
  <testcase name="annadirEdge" classname="pr3.org.AppTest" time="0.002"/>
  <testcase name="obtainAdjacents" classname="pr3.org.AppTest" time="0.007"/>
</testsuite>